Using pre-set license
Built from '2020.2/release' branch; Version is '2020.2.2f1 (068178b99f32) revision 426360'; Using compiler version '192528614'; Build Type 'Release'
OS: 'Windows 10 Pro N; OS build 19041.630; Version 2004; 64bit' Language: 'en' Physical Memory: 16257 MB
BatchMode: 1, IsHumanControllingUs: 0, StartBugReporterOnCrash: 0, Is64bit: 1, IsPro: 0

 COMMAND LINE ARGUMENTS:
C:\Program Files\Unity\Hub\Editor\2020.2.2f1\Editor\Unity.exe
-adb2
-batchMode
-noUpm
-name
AssetImportWorker0
-projectPath
C:/repo/Unity3D-save-audioClip-to-MP3/example-project
-logFile
Logs/AssetImportWorker0.log
-srvPort
57325
Successfully changed project path to: C:/repo/Unity3D-save-audioClip-to-MP3/example-project
C:/repo/Unity3D-save-audioClip-to-MP3/example-project
Using Asset Import Pipeline V2.
Refreshing native plugins compatible for Editor in 25.42 ms, found 0 plugins.
Preloading 0 native plugins for Editor in 0.00 ms.
Initialize engine version: 2020.2.2f1 (068178b99f32)
[Subsystems] Discovering subsystems at path C:/Program Files/Unity/Hub/Editor/2020.2.2f1/Editor/Data/Resources/UnitySubsystems
[Subsystems] Discovering subsystems at path C:/repo/Unity3D-save-audioClip-to-MP3/example-project/Assets
GfxDevice: creating device client; threaded=0
Direct3D:
    Version:  Direct3D 11.0 [level 11.1]
    Renderer: NVIDIA GeForce GTX 1050 (ID=0x1c8d)
    Vendor:   
    VRAM:     4019 MB
    Driver:   27.21.14.5671
Initialize mono
Mono path[0] = 'C:/Program Files/Unity/Hub/Editor/2020.2.2f1/Editor/Data/Managed'
Mono path[1] = 'C:/Program Files/Unity/Hub/Editor/2020.2.2f1/Editor/Data/MonoBleedingEdge/lib/mono/unityjit'
Mono config path = 'C:/Program Files/Unity/Hub/Editor/2020.2.2f1/Editor/Data/MonoBleedingEdge/etc'
Using monoOptions --debugger-agent=transport=dt_socket,embedding=1,server=y,suspend=n,address=127.0.0.1:56184
Begin MonoManager ReloadAssembly
Registering precompiled unity dll's ...
Register platform support module: C:/Program Files/Unity/Hub/Editor/2020.2.2f1/Editor/Data/PlaybackEngines/WebGLSupport/UnityEditor.WebGL.Extensions.dll
Register platform support module: C:/Program Files/Unity/Hub/Editor/2020.2.2f1/Editor/Data/PlaybackEngines/MacStandaloneSupport/UnityEditor.OSXStandalone.Extensions.dll
Register platform support module: C:/Program Files/Unity/Hub/Editor/2020.2.2f1/Editor/Data/PlaybackEngines/WindowsStandaloneSupport/UnityEditor.WindowsStandalone.Extensions.dll
Register platform support module: C:/Program Files/Unity/Hub/Editor/2020.2.2f1/Editor/Data/PlaybackEngines/LinuxStandaloneSupport/UnityEditor.LinuxStandalone.Extensions.dll
Registered in 0.003143 seconds.
Native extension for LinuxStandalone target not found
Native extension for WindowsStandalone target not found
Native extension for OSXStandalone target not found
Native extension for WebGL target not found
Refreshing native plugins compatible for Editor in 22.12 ms, found 0 plugins.
Preloading 0 native plugins for Editor in 0.00 ms.
Invoked RoslynAnalysisRunner static constructor.
RoslynAnalysisRunner will not be running.
RoslynAnalysisRunner has terminated.
Mono: successfully reloaded assembly
- Completed reload, in  2.069 seconds
Platform modules already initialized, skipping
Registering precompiled user dll's ...
Registered in 0.001472 seconds.
Begin MonoManager ReloadAssembly
Native extension for LinuxStandalone target not found
Native extension for WindowsStandalone target not found
Native extension for OSXStandalone target not found
Native extension for WebGL target not found
Refreshing native plugins compatible for Editor in 0.24 ms, found 0 plugins.
Preloading 0 native plugins for Editor in 0.00 ms.
Invoked RoslynAnalysisRunner static constructor.
RoslynAnalysisRunner will not be running.
RoslynAnalysisRunner has terminated.
Mono: successfully reloaded assembly
- Completed reload, in  0.788 seconds
Platform modules already initialized, skipping
========================================================================
Worker process is ready to serve import requests
Launched and connected shader compiler UnityShaderCompiler.exe after 0.05 seconds
Refreshing native plugins compatible for Editor in 0.23 ms, found 0 plugins.
Preloading 0 native plugins for Editor in 0.00 ms.
Unloading 1101 Unused Serialized files (Serialized files now loaded: 0)
System memory in use before: 56.6 MB.
System memory in use after: 56.7 MB.

Unloading 17 unused Assets to reduce memory usage. Loaded Objects now: 1539.
Total: 3.804100 ms (FindLiveObjects: 0.272800 ms CreateObjectMapping: 0.090700 ms MarkObjects: 3.366200 ms  DeleteObjects: 0.072400 ms)

========================================================================
Received Import Request.
  path: Assets
  artifactKey: Guid(00000000000000001000000000000000) Importer(815301076,1909f56bfc062723c751e8b465ee728b)
Start importing Assets using Guid(00000000000000001000000000000000) Importer(815301076,1909f56bfc062723c751e8b465ee728b)  -> (artifact id: '4a6e520b92ccfc61bcfa21a7bcab8468') in 0.008744 seconds
  Import took 0.010398 seconds .

========================================================================
Received Import Request.
  Time since last request: 7.652378 seconds.
  path: Assets/SaveToMp3
  artifactKey: Guid(51ba1f3d9cf8d9d45956c12d8b13c1fd) Importer(815301076,1909f56bfc062723c751e8b465ee728b)
Start importing Assets/SaveToMp3 using Guid(51ba1f3d9cf8d9d45956c12d8b13c1fd) Importer(815301076,1909f56bfc062723c751e8b465ee728b)  -> (artifact id: '36b65acbbc05a99ee60d57182ae6ffc2') in 0.008006 seconds
  Import took 0.009747 seconds .

========================================================================
Received Import Request.
  Time since last request: 1.740272 seconds.
  path: Assets/Lame
  artifactKey: Guid(1a580f1e121a94f4babb0542c2345e60) Importer(815301076,1909f56bfc062723c751e8b465ee728b)
Start importing Assets/Lame using Guid(1a580f1e121a94f4babb0542c2345e60) Importer(815301076,1909f56bfc062723c751e8b465ee728b)  -> (artifact id: 'e7a86628afbe7ba5c28286640b477eb9') in 0.007126 seconds
  Import took 0.008895 seconds .

========================================================================
Received Import Request.
  Time since last request: 0.112198 seconds.
  path: Assets/Encoder
  artifactKey: Guid(28e0b7445d6f7a84bbd1925617c6dbbb) Importer(815301076,1909f56bfc062723c751e8b465ee728b)
Start importing Assets/Encoder using Guid(28e0b7445d6f7a84bbd1925617c6dbbb) Importer(815301076,1909f56bfc062723c751e8b465ee728b)  -> (artifact id: '97ebcd0c0f58c865f63970383c029981') in 0.007954 seconds
  Import took 0.009864 seconds .

========================================================================
Received Prepare
Registering precompiled user dll's ...
Registered in 0.001294 seconds.
Begin MonoManager ReloadAssembly
Native extension for LinuxStandalone target not found
Native extension for WindowsStandalone target not found
Native extension for OSXStandalone target not found
Native extension for WebGL target not found
Refreshing native plugins compatible for Editor in 0.23 ms, found 0 plugins.
Preloading 0 native plugins for Editor in 0.00 ms.
Invoked RoslynAnalysisRunner static constructor.
RoslynAnalysisRunner will not be running.
RoslynAnalysisRunner has terminated.
Mono: successfully reloaded assembly
- Completed reload, in  0.730 seconds
Platform modules already initialized, skipping
Refreshing native plugins compatible for Editor in 0.24 ms, found 0 plugins.
Preloading 0 native plugins for Editor in 0.00 ms.
Unloading 1095 Unused Serialized files (Serialized files now loaded: 0)
System memory in use before: 56.4 MB.
System memory in use after: 56.5 MB.

Unloading 12 unused Assets to reduce memory usage. Loaded Objects now: 1541.
Total: 1.807200 ms (FindLiveObjects: 0.144900 ms CreateObjectMapping: 0.034700 ms MarkObjects: 1.604900 ms  DeleteObjects: 0.021200 ms)

========================================================================
Received Import Request.
  Time since last request: 31.179743 seconds.
  path: Assets/SaveToMp3/Plugins
  artifactKey: Guid(5e80a9d89abf09748a9a1a7428a882b8) Importer(815301076,1909f56bfc062723c751e8b465ee728b)
Start importing Assets/SaveToMp3/Plugins using Guid(5e80a9d89abf09748a9a1a7428a882b8) Importer(815301076,1909f56bfc062723c751e8b465ee728b)  -> (artifact id: '7077eb6bb780f90da7fbffbd4f70e118') in 0.010306 seconds
  Import took 0.012208 seconds .

========================================================================
Received Import Request.
  Time since last request: 22.567911 seconds.
  path: Assets/SaveToMp3/Lame/NAudio/WaveFormatEncoding.cs
  artifactKey: Guid(07c489cad6787a04eadcc0f7b39dfc3e) Importer(815301076,1909f56bfc062723c751e8b465ee728b)
Start importing Assets/SaveToMp3/Lame/NAudio/WaveFormatEncoding.cs using Guid(07c489cad6787a04eadcc0f7b39dfc3e) Importer(815301076,1909f56bfc062723c751e8b465ee728b)  -> (artifact id: 'ddc7c98e727a522382222eb176f67260') in 0.032471 seconds
  Import took 0.034357 seconds .

========================================================================
Received Import Request.
  Time since last request: 0.008105 seconds.
  path: Assets/SaveToMp3/Plugins/x86/libmp3lame.dll
  artifactKey: Guid(b0552d860d69eb5439d4c01a1140675e) Importer(815301076,1909f56bfc062723c751e8b465ee728b)
Start importing Assets/SaveToMp3/Plugins/x86/libmp3lame.dll using Guid(b0552d860d69eb5439d4c01a1140675e) Importer(815301076,1909f56bfc062723c751e8b465ee728b)  -> (artifact id: 'be3d36215867c938dd574af1b1fc3a02') in 0.008004 seconds
  Import took 0.009793 seconds .

========================================================================
Received Import Request.
  Time since last request: 0.007022 seconds.
  path: Assets/SaveToMp3/Plugins/Android
  artifactKey: Guid(7721f3b7b022be04a85d4030fa6cfe98) Importer(815301076,1909f56bfc062723c751e8b465ee728b)
Start importing Assets/SaveToMp3/Plugins/Android using Guid(7721f3b7b022be04a85d4030fa6cfe98) Importer(815301076,1909f56bfc062723c751e8b465ee728b)  -> (artifact id: '9c2ef5c14cf1bad62594a51526d272a1') in 0.006313 seconds
  Import took 0.007919 seconds .

========================================================================
Received Import Request.
  Time since last request: 0.007359 seconds.
  path: Assets/SaveToMp3/Lame/LibMp3Lame.cs
  artifactKey: Guid(d66ded0e78d16b9488dfb0e9247211e7) Importer(815301076,1909f56bfc062723c751e8b465ee728b)
Start importing Assets/SaveToMp3/Lame/LibMp3Lame.cs using Guid(d66ded0e78d16b9488dfb0e9247211e7) Importer(815301076,1909f56bfc062723c751e8b465ee728b)  -> (artifact id: '2a6dda262c082fa5c996f74db837cdf5') in 0.006024 seconds
  Import took 0.007821 seconds .

========================================================================
Received Import Request.
  Time since last request: 0.007541 seconds.
  path: Assets/SaveToMp3/Lame/ExtendUtility.cs
  artifactKey: Guid(fb12997fe1438df428b9bca708076dea) Importer(815301076,1909f56bfc062723c751e8b465ee728b)
Start importing Assets/SaveToMp3/Lame/ExtendUtility.cs using Guid(fb12997fe1438df428b9bca708076dea) Importer(815301076,1909f56bfc062723c751e8b465ee728b)  -> (artifact id: '78e923cd281320edf1e4f092074b67fe') in 0.005660 seconds
  Import took 0.007357 seconds .

========================================================================
Received Import Request.
  Time since last request: 0.006675 seconds.
  path: Assets/SaveToMp3/Plugins/lame.bundle/Contents/Headers
  artifactKey: Guid(e2b82e11cd3904d18bbeb682e3359237) Importer(815301076,1909f56bfc062723c751e8b465ee728b)
Start importing Assets/SaveToMp3/Plugins/lame.bundle/Contents/Headers using Guid(e2b82e11cd3904d18bbeb682e3359237) Importer(815301076,1909f56bfc062723c751e8b465ee728b)  -> (artifact id: 'ad2cfb0fb5a9ce3f9a9576dedd93c3f4') in 0.006519 seconds
  Import took 0.008417 seconds .

========================================================================
Received Import Request.
  Time since last request: 0.007091 seconds.
  path: Assets/SaveToMp3/Lame/NAudio
  artifactKey: Guid(23b199320e3e7df47a5ebee61346c2b0) Importer(815301076,1909f56bfc062723c751e8b465ee728b)
Start importing Assets/SaveToMp3/Lame/NAudio using Guid(23b199320e3e7df47a5ebee61346c2b0) Importer(815301076,1909f56bfc062723c751e8b465ee728b)  -> (artifact id: '0d7723710692351924f0ef385fcce939') in 0.008273 seconds
  Import took 0.010183 seconds .

========================================================================
Received Import Request.
  Time since last request: 0.009133 seconds.
  path: Assets/SaveToMp3/Plugins/iOS/libmp3lame.a
  artifactKey: Guid(afb3065c6a5e940239f4645d1da9175a) Importer(815301076,1909f56bfc062723c751e8b465ee728b)
Start importing Assets/SaveToMp3/Plugins/iOS/libmp3lame.a using Guid(afb3065c6a5e940239f4645d1da9175a) Importer(815301076,1909f56bfc062723c751e8b465ee728b)  -> (artifact id: '41df56987216d04a69d8b3a46d7ee52c') in 0.010505 seconds
  Import took 0.012130 seconds .

========================================================================
Received Import Request.
  Time since last request: 0.007955 seconds.
  path: Assets/SaveToMp3/Encoder/SavWav.cs
  artifactKey: Guid(3a4a731eaf00d0149bf9f6900aa4ad39) Importer(815301076,1909f56bfc062723c751e8b465ee728b)
Start importing Assets/SaveToMp3/Encoder/SavWav.cs using Guid(3a4a731eaf00d0149bf9f6900aa4ad39) Importer(815301076,1909f56bfc062723c751e8b465ee728b)  -> (artifact id: '635b7461535247c013e83389a33b346f') in 0.005788 seconds
  Import took 0.007511 seconds .

========================================================================
Received Import Request.
  Time since last request: 0.007552 seconds.
  path: Assets/SaveToMp3/Lame/NAudio/AudioMediaSubtypes.cs
  artifactKey: Guid(0ee08990d14d50946a1ad3ad9c69e4d3) Importer(815301076,1909f56bfc062723c751e8b465ee728b)
Start importing Assets/SaveToMp3/Lame/NAudio/AudioMediaSubtypes.cs using Guid(0ee08990d14d50946a1ad3ad9c69e4d3) Importer(815301076,1909f56bfc062723c751e8b465ee728b)  -> (artifact id: '62adf183cd20fd746c49ff6d7acd114f') in 0.005875 seconds
  Import took 0.007666 seconds .

========================================================================
Received Import Request.
  Time since last request: 0.006473 seconds.
  path: Assets/SaveToMp3/Plugins/iOS
  artifactKey: Guid(06bd442699761b84dbb59714adb87435) Importer(815301076,1909f56bfc062723c751e8b465ee728b)
Start importing Assets/SaveToMp3/Plugins/iOS using Guid(06bd442699761b84dbb59714adb87435) Importer(815301076,1909f56bfc062723c751e8b465ee728b)  -> (artifact id: '54634c3e485c45f3273b4189a07cc044') in 0.005574 seconds
  Import took 0.007356 seconds .

========================================================================
Received Import Request.
  Time since last request: 0.007078 seconds.
  path: Assets/SaveToMp3/Plugins/lame.bundle/Contents/MacOS
  artifactKey: Guid(148816131111a406faab31c7be9fabe4) Importer(815301076,1909f56bfc062723c751e8b465ee728b)
Start importing Assets/SaveToMp3/Plugins/lame.bundle/Contents/MacOS using Guid(148816131111a406faab31c7be9fabe4) Importer(815301076,1909f56bfc062723c751e8b465ee728b)  -> (artifact id: 'ad067b5fa1b2f9ef6fc76f97bfbcbb1c') in 0.005765 seconds
  Import took 0.007738 seconds .

========================================================================
Received Import Request.
  Time since last request: 0.009232 seconds.
  path: Assets/SaveToMp3/Lame/NAudio/Gsm610WaveFormat.cs
  artifactKey: Guid(c029ee315c0c6834e90f04f619338b3b) Importer(815301076,1909f56bfc062723c751e8b465ee728b)
Start importing Assets/SaveToMp3/Lame/NAudio/Gsm610WaveFormat.cs using Guid(c029ee315c0c6834e90f04f619338b3b) Importer(815301076,1909f56bfc062723c751e8b465ee728b)  -> (artifact id: 'bab05af7b83c93959a3b529d3def21b9') in 0.005955 seconds
  Import took 0.007717 seconds .

========================================================================
Received Import Request.
  Time since last request: 0.013943 seconds.
  path: Assets/SaveToMp3/Plugins/Android/libs/arm64-v8a/libmp3lame.so
  artifactKey: Guid(673a24e661c22644fbb16983267b8416) Importer(815301076,1909f56bfc062723c751e8b465ee728b)
Start importing Assets/SaveToMp3/Plugins/Android/libs/arm64-v8a/libmp3lame.so using Guid(673a24e661c22644fbb16983267b8416) Importer(815301076,1909f56bfc062723c751e8b465ee728b)  -> (artifact id: '766b8580aa740fb654c304ef0ffb8f76') in 0.004578 seconds
  Import took 0.006213 seconds .

========================================================================
Received Import Request.
  Time since last request: 0.006470 seconds.
  path: Assets/SaveToMp3/Plugins/Android/libs/x86
  artifactKey: Guid(e243f72b6359fca45924fbeed9941749) Importer(815301076,1909f56bfc062723c751e8b465ee728b)
Start importing Assets/SaveToMp3/Plugins/Android/libs/x86 using Guid(e243f72b6359fca45924fbeed9941749) Importer(815301076,1909f56bfc062723c751e8b465ee728b)  -> (artifact id: 'c4bad55dc2dc2a201afb3ed1b7395181') in 0.006021 seconds
  Import took 0.007611 seconds .

========================================================================
Received Import Request.
  Time since last request: 0.007348 seconds.
  path: Assets/SaveToMp3/Lame/NAudio/AdpcmWaveFormat.cs
  artifactKey: Guid(60f6eb670e8f81f4382cc6d1e8ac13fa) Importer(815301076,1909f56bfc062723c751e8b465ee728b)
Start importing Assets/SaveToMp3/Lame/NAudio/AdpcmWaveFormat.cs using Guid(60f6eb670e8f81f4382cc6d1e8ac13fa) Importer(815301076,1909f56bfc062723c751e8b465ee728b)  -> (artifact id: '4e2390ec28602e9706b429ddb1b336c2') in 0.005900 seconds
  Import took 0.007846 seconds .

========================================================================
Received Import Request.
  Time since last request: 0.013077 seconds.
  path: Assets/SaveToMp3/Lame/NAudio/WaveFormatExtensible.cs
  artifactKey: Guid(5d0e3542e85464541a0022c04d0da8b6) Importer(815301076,1909f56bfc062723c751e8b465ee728b)
Start importing Assets/SaveToMp3/Lame/NAudio/WaveFormatExtensible.cs using Guid(5d0e3542e85464541a0022c04d0da8b6) Importer(815301076,1909f56bfc062723c751e8b465ee728b)  -> (artifact id: '7909bf2b13740076338cdd41c6591bfa') in 0.005959 seconds
  Import took 0.007709 seconds .

========================================================================
Received Import Request.
  Time since last request: 0.006790 seconds.
  path: Assets/SaveToMp3/Plugins/x86_64
  artifactKey: Guid(41a0c2ada380a744eaba4e8bd5344129) Importer(815301076,1909f56bfc062723c751e8b465ee728b)
Start importing Assets/SaveToMp3/Plugins/x86_64 using Guid(41a0c2ada380a744eaba4e8bd5344129) Importer(815301076,1909f56bfc062723c751e8b465ee728b)  -> (artifact id: '715b5dca4325982b2abab7eb2c383983') in 0.006375 seconds
  Import took 0.007990 seconds .

========================================================================
Received Import Request.
  Time since last request: 0.007352 seconds.
  path: Assets/SaveToMp3/Encoder/WavToMp3.cs
  artifactKey: Guid(2bc1aa53ea1d574459f3dbb4eedc5345) Importer(815301076,1909f56bfc062723c751e8b465ee728b)
Start importing Assets/SaveToMp3/Encoder/WavToMp3.cs using Guid(2bc1aa53ea1d574459f3dbb4eedc5345) Importer(815301076,1909f56bfc062723c751e8b465ee728b)  -> (artifact id: 'b35d91832f246b99c4c74ce01885fcfe') in 0.005932 seconds
  Import took 0.007536 seconds .

========================================================================
Received Import Request.
  Time since last request: 0.006135 seconds.
  path: Assets/SaveToMp3/Plugins/Android/libs/arm64-v8a
  artifactKey: Guid(74d4cac7052b2094b9c8d9b697f02841) Importer(815301076,1909f56bfc062723c751e8b465ee728b)
Start importing Assets/SaveToMp3/Plugins/Android/libs/arm64-v8a using Guid(74d4cac7052b2094b9c8d9b697f02841) Importer(815301076,1909f56bfc062723c751e8b465ee728b)  -> (artifact id: '1b1a48f0d9a84f3c4b85252ec1a4c81b') in 0.006351 seconds
  Import took 0.008079 seconds .

========================================================================
Received Import Request.
  Time since last request: 0.006466 seconds.
  path: Assets/SaveToMp3/Plugins/lame.bundle/Contents/_CodeSignature
  artifactKey: Guid(181b06a7a87514b57a6159da3f3b32a6) Importer(815301076,1909f56bfc062723c751e8b465ee728b)
Start importing Assets/SaveToMp3/Plugins/lame.bundle/Contents/_CodeSignature using Guid(181b06a7a87514b57a6159da3f3b32a6) Importer(815301076,1909f56bfc062723c751e8b465ee728b)  -> (artifact id: 'bea524bb6d8f080d7e280630ab462864') in 0.006299 seconds
  Import took 0.007911 seconds .

========================================================================
Received Import Request.
  Time since last request: 0.007512 seconds.
  path: Assets/SaveToMp3/Encoder/EncodeMP3.cs
  artifactKey: Guid(5067b4ed11cff42459e750438059a60b) Importer(815301076,1909f56bfc062723c751e8b465ee728b)
Start importing Assets/SaveToMp3/Encoder/EncodeMP3.cs using Guid(5067b4ed11cff42459e750438059a60b) Importer(815301076,1909f56bfc062723c751e8b465ee728b)  -> (artifact id: '0282c3f602d58e11bc40b56a42a99036') in 0.005869 seconds
  Import took 0.007564 seconds .

========================================================================
Received Import Request.
  Time since last request: 0.007367 seconds.
  path: Assets/SaveToMp3/Plugins/Android/libs/x86/libmp3lame.so
  artifactKey: Guid(ae5a1caf80162664ebb525a1b14d3e02) Importer(815301076,1909f56bfc062723c751e8b465ee728b)
Start importing Assets/SaveToMp3/Plugins/Android/libs/x86/libmp3lame.so using Guid(ae5a1caf80162664ebb525a1b14d3e02) Importer(815301076,1909f56bfc062723c751e8b465ee728b)  -> (artifact id: 'cead82ff0ee9ae3b092aa24c6558ad4f') in 0.002886 seconds
  Import took 0.004483 seconds .

========================================================================
Received Import Request.
  Time since last request: 0.006764 seconds.
  path: Assets/SaveToMp3/Plugins/lame.bundle/Contents/Resources
  artifactKey: Guid(aa84d78183b384a53a07b07b4dafbea1) Importer(815301076,1909f56bfc062723c751e8b465ee728b)
Start importing Assets/SaveToMp3/Plugins/lame.bundle/Contents/Resources using Guid(aa84d78183b384a53a07b07b4dafbea1) Importer(815301076,1909f56bfc062723c751e8b465ee728b)  -> (artifact id: '5ff2237e1fc3d76151126cdeda183e82') in 0.005987 seconds
  Import took 0.007768 seconds .

========================================================================
Received Import Request.
  Time since last request: 0.011997 seconds.
  path: Assets/SaveToMp3/Plugins/Android/libs/armeabi-v7a
  artifactKey: Guid(323459e64325449409415ed5b6f9b7ec) Importer(815301076,1909f56bfc062723c751e8b465ee728b)
Start importing Assets/SaveToMp3/Plugins/Android/libs/armeabi-v7a using Guid(323459e64325449409415ed5b6f9b7ec) Importer(815301076,1909f56bfc062723c751e8b465ee728b)  -> (artifact id: '25d02e967e063014d4a5a0b47a7e6f47') in 0.006458 seconds
  Import took 0.008058 seconds .

========================================================================
Received Import Request.
  Time since last request: 0.007210 seconds.
  path: Assets/SaveToMp3/Plugins/lame.bundle/Contents/Info.plist
  artifactKey: Guid(e02e12a8b8ce44ed88c7f97dbe19f52d) Importer(815301076,1909f56bfc062723c751e8b465ee728b)
Start importing Assets/SaveToMp3/Plugins/lame.bundle/Contents/Info.plist using Guid(e02e12a8b8ce44ed88c7f97dbe19f52d) Importer(815301076,1909f56bfc062723c751e8b465ee728b)  -> (artifact id: '3f4b29171c3cddfb7df139327eb7c598') in 0.008318 seconds
  Import took 0.010089 seconds .

========================================================================
Received Import Request.
  Time since last request: 0.006005 seconds.
  path: Assets/SaveToMp3/Plugins/Android/libs
  artifactKey: Guid(7a7d75e69fd032a46bd4687af202b1f8) Importer(815301076,1909f56bfc062723c751e8b465ee728b)
Start importing Assets/SaveToMp3/Plugins/Android/libs using Guid(7a7d75e69fd032a46bd4687af202b1f8) Importer(815301076,1909f56bfc062723c751e8b465ee728b)  -> (artifact id: 'a1d7cd31da187745c4144691722fd109') in 0.006648 seconds
  Import took 0.008403 seconds .

========================================================================
Received Import Request.
  Time since last request: 0.007479 seconds.
  path: Assets/SaveToMp3/Lame/NAudio/RiffChunk.cs
  artifactKey: Guid(fe306abf31fdbe64481deb697a77ba52) Importer(815301076,1909f56bfc062723c751e8b465ee728b)
Start importing Assets/SaveToMp3/Lame/NAudio/RiffChunk.cs using Guid(fe306abf31fdbe64481deb697a77ba52) Importer(815301076,1909f56bfc062723c751e8b465ee728b)  -> (artifact id: '1bcde553874b77aff1e14ae3cf92de5f') in 0.005861 seconds
  Import took 0.007715 seconds .

========================================================================
Received Import Request.
  Time since last request: 0.007751 seconds.
  path: Assets/SaveToMp3/Plugins/x86_64/libmp3lame.dll
  artifactKey: Guid(30533557537581e45903f7a00083735d) Importer(815301076,1909f56bfc062723c751e8b465ee728b)
Start importing Assets/SaveToMp3/Plugins/x86_64/libmp3lame.dll using Guid(30533557537581e45903f7a00083735d) Importer(815301076,1909f56bfc062723c751e8b465ee728b)  -> (artifact id: 'b7685d06a82cb0d4851b01533dad6194') in 0.002352 seconds
  Import took 0.003935 seconds .

========================================================================
Received Import Request.
  Time since last request: 0.007726 seconds.
  path: Assets/SaveToMp3/Plugins/Android/libs/armeabi-v7a/libmp3lame.so
  artifactKey: Guid(c5079b7970e95bc4d93291b0eecd50ff) Importer(815301076,1909f56bfc062723c751e8b465ee728b)
Start importing Assets/SaveToMp3/Plugins/Android/libs/armeabi-v7a/libmp3lame.so using Guid(c5079b7970e95bc4d93291b0eecd50ff) Importer(815301076,1909f56bfc062723c751e8b465ee728b)  -> (artifact id: 'b3cd1526ff1e73af4842e89c006655cc') in 0.002651 seconds
  Import took 0.004226 seconds .

========================================================================
Received Import Request.
  Time since last request: 0.008078 seconds.
  path: Assets/SaveToMp3/Plugins/lame.bundle/Contents/MacOS/lame
  artifactKey: Guid(c6f4b4f07b65e4b17980462114b9692f) Importer(815301076,1909f56bfc062723c751e8b465ee728b)
Start importing Assets/SaveToMp3/Plugins/lame.bundle/Contents/MacOS/lame using Guid(c6f4b4f07b65e4b17980462114b9692f) Importer(815301076,1909f56bfc062723c751e8b465ee728b)  -> (artifact id: 'f68652c793a9ac7929d90bcfff8895e7') in 0.006288 seconds
  Import took 0.008155 seconds .

========================================================================
Received Import Request.
  Time since last request: 0.007748 seconds.
  path: Assets/SaveToMp3/Plugins/lame.bundle/Contents/Headers/lame.h
  artifactKey: Guid(b4158ebc6ac7542a7a46ba99ca25fb76) Importer(815301076,1909f56bfc062723c751e8b465ee728b)
Start importing Assets/SaveToMp3/Plugins/lame.bundle/Contents/Headers/lame.h using Guid(b4158ebc6ac7542a7a46ba99ca25fb76) Importer(815301076,1909f56bfc062723c751e8b465ee728b)  -> (artifact id: 'd1ecdd20b7278b08110e379b67999e63') in 0.004883 seconds
  Import took 0.006530 seconds .

========================================================================
Received Import Request.
  Time since last request: 0.007283 seconds.
  path: Assets/SaveToMp3/Lame/NAudio/WaveFormatExtraData.cs
  artifactKey: Guid(fad90a98c9bb79f4e86bf7f8e56d85b9) Importer(815301076,1909f56bfc062723c751e8b465ee728b)
Start importing Assets/SaveToMp3/Lame/NAudio/WaveFormatExtraData.cs using Guid(fad90a98c9bb79f4e86bf7f8e56d85b9) Importer(815301076,1909f56bfc062723c751e8b465ee728b)  -> (artifact id: '368735d3fe4ae5d4f36f00c5111898f2') in 0.005890 seconds
  Import took 0.007597 seconds .

========================================================================
Received Import Request.
  Time since last request: 0.007639 seconds.
  path: Assets/SaveToMp3/Plugins/lame.bundle/Contents/Resources/Info.plist
  artifactKey: Guid(708471da8aa5a423f956944c2beb763d) Importer(815301076,1909f56bfc062723c751e8b465ee728b)
Start importing Assets/SaveToMp3/Plugins/lame.bundle/Contents/Resources/Info.plist using Guid(708471da8aa5a423f956944c2beb763d) Importer(815301076,1909f56bfc062723c751e8b465ee728b)  -> (artifact id: '641470d8b8b62cd9fd437b5f618403f1') in 0.003402 seconds
  Import took 0.005047 seconds .

========================================================================
Received Import Request.
  Time since last request: 0.006772 seconds.
  path: Assets/SaveToMp3/Plugins/x86
  artifactKey: Guid(9a1747509dce2bc4ebd495f009e84ae3) Importer(815301076,1909f56bfc062723c751e8b465ee728b)
Start importing Assets/SaveToMp3/Plugins/x86 using Guid(9a1747509dce2bc4ebd495f009e84ae3) Importer(815301076,1909f56bfc062723c751e8b465ee728b)  -> (artifact id: 'ebd5a6ad494205cc8c29af05acf9fd4e') in 0.002590 seconds
  Import took 0.004148 seconds .

========================================================================
Received Import Request.
  Time since last request: 0.007757 seconds.
  path: Assets/SaveToMp3/Plugins/lame.bundle/Contents/_CodeSignature/CodeResources
  artifactKey: Guid(a86be2cc5c33e4a5d99be6d77972cf57) Importer(815301076,1909f56bfc062723c751e8b465ee728b)
Start importing Assets/SaveToMp3/Plugins/lame.bundle/Contents/_CodeSignature/CodeResources using Guid(a86be2cc5c33e4a5d99be6d77972cf57) Importer(815301076,1909f56bfc062723c751e8b465ee728b)  -> (artifact id: 'f840dabc877cc8ebf54fd90df6176653') in 0.006306 seconds
  Import took 0.008290 seconds .

========================================================================
Received Import Request.
  Time since last request: 0.007939 seconds.
  path: Assets/SaveToMp3/Lame/NAudio/WaveStream.cs
  artifactKey: Guid(1e3938bcd2820f546a28486ea4b7ba5d) Importer(815301076,1909f56bfc062723c751e8b465ee728b)
Start importing Assets/SaveToMp3/Lame/NAudio/WaveStream.cs using Guid(1e3938bcd2820f546a28486ea4b7ba5d) Importer(815301076,1909f56bfc062723c751e8b465ee728b)  -> (artifact id: 'fe02fa3ae6d543b0dda9c55ccc6411c5') in 0.006299 seconds
  Import took 0.008352 seconds .

========================================================================
Received Import Request.
  Time since last request: 0.006730 seconds.
  path: Assets/SaveToMp3/Plugins/lame.bundle/Contents
  artifactKey: Guid(36e581751f68744caa08872f006b2680) Importer(815301076,1909f56bfc062723c751e8b465ee728b)
Start importing Assets/SaveToMp3/Plugins/lame.bundle/Contents using Guid(36e581751f68744caa08872f006b2680) Importer(815301076,1909f56bfc062723c751e8b465ee728b)  -> (artifact id: 'e64945e717d2ca42b6b3a630d2db94f8') in 0.006225 seconds
  Import took 0.007849 seconds .

========================================================================
Received Import Request.
  Time since last request: 0.007632 seconds.
  path: Assets/SaveToMp3/Lame/MP3FileWriter.cs
  artifactKey: Guid(fb5c882d3dd15214491ac8aaf1f5b608) Importer(815301076,1909f56bfc062723c751e8b465ee728b)
Start importing Assets/SaveToMp3/Lame/MP3FileWriter.cs using Guid(fb5c882d3dd15214491ac8aaf1f5b608) Importer(815301076,1909f56bfc062723c751e8b465ee728b)  -> (artifact id: '2da06464c434bde257c4eb9194c626d0') in 0.006091 seconds
  Import took 0.007738 seconds .

========================================================================
Received Import Request.
  Time since last request: 0.007429 seconds.
  path: Assets/SaveToMp3/Lame/NAudio/WaveFileReader.cs
  artifactKey: Guid(b8920394775cdb6438bd7656c5c68841) Importer(815301076,1909f56bfc062723c751e8b465ee728b)
Start importing Assets/SaveToMp3/Lame/NAudio/WaveFileReader.cs using Guid(b8920394775cdb6438bd7656c5c68841) Importer(815301076,1909f56bfc062723c751e8b465ee728b)  -> (artifact id: '3c6f4be6f2ee81d5360e1ce7202ae631') in 0.007276 seconds
  Import took 0.008958 seconds .

========================================================================
Received Import Request.
  Time since last request: 0.006813 seconds.
  path: Assets/SaveToMp3/Plugins/lame.bundle
  artifactKey: Guid(1dc07fa05074ac848ac0fd4a2a68ad56) Importer(815301076,1909f56bfc062723c751e8b465ee728b)
Start importing Assets/SaveToMp3/Plugins/lame.bundle using Guid(1dc07fa05074ac848ac0fd4a2a68ad56) Importer(815301076,1909f56bfc062723c751e8b465ee728b)  -> (artifact id: '2810d8dc6b307d1600176914a632ee63') in 0.008518 seconds
  Import took 0.010334 seconds .

========================================================================
Received Import Request.
  Time since last request: 0.008876 seconds.
  path: Assets/SaveToMp3/Lame/NAudio/WaveFormat.cs
  artifactKey: Guid(f709c5c91c6ee1347bbdbfb71e25563d) Importer(815301076,1909f56bfc062723c751e8b465ee728b)
Start importing Assets/SaveToMp3/Lame/NAudio/WaveFormat.cs using Guid(f709c5c91c6ee1347bbdbfb71e25563d) Importer(815301076,1909f56bfc062723c751e8b465ee728b)  -> (artifact id: '4b861578cfabd8ea8b821cf8adf8bce5') in 0.007278 seconds
  Import took 0.009966 seconds .

========================================================================
Received Import Request.
  Time since last request: 0.007571 seconds.
  path: Assets/SaveToMp3/Lame/NAudio/IWaveProvider.cs
  artifactKey: Guid(fbfb88f187675b0448dcf66ca372dc8f) Importer(815301076,1909f56bfc062723c751e8b465ee728b)
Start importing Assets/SaveToMp3/Lame/NAudio/IWaveProvider.cs using Guid(fbfb88f187675b0448dcf66ca372dc8f) Importer(815301076,1909f56bfc062723c751e8b465ee728b)  -> (artifact id: '9e083e1cbd4b2c39f764dc529721604b') in 0.006323 seconds
  Import took 0.008315 seconds .

AssetImportWorkerClient::OnTransportError - code=2 error=End of file
